build/app/intermediates/manifest_merge_blame_file/debug/manifest-merger-blame-debug-report.txt
1<?xml version="1.0" encoding="utf-8"?>
2<manifest xmlns:android="http://schemas.android.com/apk/res/android"
3    package="br.com.alura.bytebank"
4    android:versionCode="1"
5    android:versionName="1.0.0" >
6
7    <uses-sdk
8        android:minSdkVersion="16"
9        android:targetSdkVersion="29" />
10    <!--
11         Flutter needs it to communicate with the running application
12         to allow setting breakpoints, to provide hot reload, etc.
13    -->
14    <uses-permission android:name="android.permission.INTERNET" />
14-->src/debug/AndroidManifest.xml:6:5-66
14-->src/debug/AndroidManifest.xml:6:22-64
15    <uses-permission android:name="android.permission.ACCESS_NETWORK_STATE" />
15-->[com.google.android.gms:play-services-measurement-api:18.0.2] AndroidManifest.xml:23:5-79
15-->[com.google.android.gms:play-services-measurement-api:18.0.2] AndroidManifest.xml:23:22-76
16    <uses-permission android:name="android.permission.WAKE_LOCK" />
16-->[com.google.android.gms:play-services-measurement-api:18.0.2] AndroidManifest.xml:24:5-68
16-->[com.google.android.gms:play-services-measurement-api:18.0.2] AndroidManifest.xml:24:22-65
17    <uses-permission android:name="com.google.android.finsky.permission.BIND_GET_INSTALL_REFERRER_SERVICE" />
17-->[com.google.android.gms:play-services-measurement:18.0.2] AndroidManifest.xml:26:5-110
17-->[com.google.android.gms:play-services-measurement:18.0.2] AndroidManifest.xml:26:22-107
18    <!--
19 io.flutter.app.FlutterApplication is an android.app.Application that
20         calls FlutterMain.startInitialization(this); in its onCreate method.
21         In most cases you can leave this as-is, but you if you want to provide
22         additional functionality it is fine to subclass or reimplement
23         FlutterApplication and put your custom class here.
24    -->
25    <application
25-->src/main/AndroidManifest.xml:8:5-47:19
26        android:name="io.flutter.app.FlutterApplication"
26-->src/main/AndroidManifest.xml:9:9-57
27        android:appComponentFactory="androidx.core.app.CoreComponentFactory"
27-->[androidx.core:core:1.1.0] AndroidManifest.xml:24:18-86
28        android:debuggable="true"
29        android:icon="@mipmap/ic_launcher"
29-->src/main/AndroidManifest.xml:12:9-43
30        android:label="alura_crashlytics"
30-->src/main/AndroidManifest.xml:10:9-42
31        android:usesCleartextTraffic="true" >
31-->src/main/AndroidManifest.xml:11:9-44
32        <activity
32-->src/main/AndroidManifest.xml:13:9-41:20
33            android:name="br.com.alura.bytebank.MainActivity"
33-->src/main/AndroidManifest.xml:14:13-41
34            android:configChanges="orientation|keyboardHidden|keyboard|screenSize|smallestScreenSize|locale|layoutDirection|fontScale|screenLayout|density|uiMode"
34-->src/main/AndroidManifest.xml:17:13-163
35            android:hardwareAccelerated="true"
35-->src/main/AndroidManifest.xml:18:13-47
36            android:launchMode="singleTop"
36-->src/main/AndroidManifest.xml:15:13-43
37            android:theme="@style/LaunchTheme"
37-->src/main/AndroidManifest.xml:16:13-47
38            android:windowSoftInputMode="adjustResize" >
38-->src/main/AndroidManifest.xml:19:13-55
39
40            <!--
41                 Specifies an Android theme to apply to this Activity as soon as
42                 the Android process has started. This theme is visible to the user
43                 while the Flutter UI initializes. After that, this theme continues
44                 to determine the Window background behind the Flutter UI.
45            -->
46            <meta-data
46-->src/main/AndroidManifest.xml:24:13-27:17
47                android:name="io.flutter.embedding.android.NormalTheme"
47-->src/main/AndroidManifest.xml:25:15-70
48                android:resource="@style/NormalTheme" />
48-->src/main/AndroidManifest.xml:26:15-52
49            <!--
50                 Displays an Android View that continues showing the launch screen
51                 Drawable until Flutter paints its first frame, then this splash
52                 screen fades out. A splash screen is useful to avoid any visual
53                 gap between the end of Android's launch screen and the painting of
54                 Flutter's first frame.
55            -->
56            <meta-data
56-->src/main/AndroidManifest.xml:33:13-36:17
57                android:name="io.flutter.embedding.android.SplashScreenDrawable"
57-->src/main/AndroidManifest.xml:34:15-79
58                android:resource="@drawable/launch_background" />
58-->src/main/AndroidManifest.xml:35:15-61
59
60            <intent-filter>
60-->src/main/AndroidManifest.xml:37:13-40:29
61                <action android:name="android.intent.action.MAIN" />
61-->src/main/AndroidManifest.xml:38:17-68
61-->src/main/AndroidManifest.xml:38:25-66
62
63                <category android:name="android.intent.category.LAUNCHER" />
63-->src/main/AndroidManifest.xml:39:17-76
63-->src/main/AndroidManifest.xml:39:27-74
64            </intent-filter>
65        </activity>
66        <!--
67             Don't delete the meta-data below.
68             This is used by the Flutter tool to generate GeneratedPluginRegistrant.java
69        -->
70        <meta-data
70-->src/main/AndroidManifest.xml:44:9-46:33
71            android:name="flutterEmbedding"
71-->src/main/AndroidManifest.xml:45:13-44
72            android:value="2" />
72-->src/main/AndroidManifest.xml:46:13-30
73
74        <service
74-->[:firebase_crashlytics] AndroidManifest.xml:8:9-12:19
75            android:name="com.google.firebase.components.ComponentDiscoveryService"
75-->[:firebase_crashlytics] AndroidManifest.xml:8:18-89
76            android:directBootAware="true"
76-->[com.google.firebase:firebase-common:19.5.0] AndroidManifest.xml:35:13-43
77            android:exported="false" >
77-->[com.google.firebase:firebase-crashlytics:17.3.1] AndroidManifest.xml:17:13-37
78            <meta-data
78-->[:firebase_crashlytics] AndroidManifest.xml:9:13-11:85
79                android:name="com.google.firebase.components:io.flutter.plugins.firebase.crashlytics.FlutterFirebaseAppRegistrar"
79-->[:firebase_crashlytics] AndroidManifest.xml:10:17-130
80                android:value="com.google.firebase.components.ComponentRegistrar" />
80-->[:firebase_crashlytics] AndroidManifest.xml:11:17-82
81            <meta-data
81-->[:firebase_core] AndroidManifest.xml:9:13-11:85
82                android:name="com.google.firebase.components:io.flutter.plugins.firebase.core.FlutterFirebaseCoreRegistrar"
82-->[:firebase_core] AndroidManifest.xml:10:17-124
83                android:value="com.google.firebase.components.ComponentRegistrar" />
83-->[:firebase_core] AndroidManifest.xml:11:17-82
84            <meta-data
84-->[com.google.firebase:firebase-crashlytics:17.3.1] AndroidManifest.xml:18:13-20:85
85                android:name="com.google.firebase.components:com.google.firebase.crashlytics.CrashlyticsRegistrar"
85-->[com.google.firebase:firebase-crashlytics:17.3.1] AndroidManifest.xml:19:17-115
86                android:value="com.google.firebase.components.ComponentRegistrar" />
86-->[com.google.firebase:firebase-crashlytics:17.3.1] AndroidManifest.xml:20:17-82
87            <meta-data
87-->[com.google.android.gms:play-services-measurement-api:18.0.2] AndroidManifest.xml:30:13-32:85
88                android:name="com.google.firebase.components:com.google.firebase.analytics.connector.internal.AnalyticsConnectorRegistrar"
88-->[com.google.android.gms:play-services-measurement-api:18.0.2] AndroidManifest.xml:31:17-139
89                android:value="com.google.firebase.components.ComponentRegistrar" />
89-->[com.google.android.gms:play-services-measurement-api:18.0.2] AndroidManifest.xml:32:17-82
90            <meta-data
90-->[com.google.firebase:firebase-installations:16.3.5] AndroidManifest.xml:18:13-20:85
91                android:name="com.google.firebase.components:com.google.firebase.installations.FirebaseInstallationsRegistrar"
91-->[com.google.firebase:firebase-installations:16.3.5] AndroidManifest.xml:19:17-127
92                android:value="com.google.firebase.components.ComponentRegistrar" />
92-->[com.google.firebase:firebase-installations:16.3.5] AndroidManifest.xml:20:17-82
93            <!--
94                This registrar is not defined in the dynamic-module-support sdk itself to allow non-firebase
95                clients to use it as well, by defining this registrar in their own core/common library.
96            -->
97            <meta-data
97-->[com.google.firebase:firebase-common:19.5.0] AndroidManifest.xml:43:13-45:85
98                android:name="com.google.firebase.components:com.google.firebase.dynamicloading.DynamicLoadingRegistrar"
98-->[com.google.firebase:firebase-common:19.5.0] AndroidManifest.xml:44:17-121
99                android:value="com.google.firebase.components.ComponentRegistrar" />
99-->[com.google.firebase:firebase-common:19.5.0] AndroidManifest.xml:45:17-82
100        </service>
101
102        <provider
102-->[com.google.firebase:firebase-common:19.5.0] AndroidManifest.xml:26:9-31:39
103            android:name="com.google.firebase.provider.FirebaseInitProvider"
103-->[com.google.firebase:firebase-common:19.5.0] AndroidManifest.xml:27:13-77
104            android:authorities="br.com.alura.bytebank.firebaseinitprovider"
104-->[com.google.firebase:firebase-common:19.5.0] AndroidManifest.xml:28:13-72
105            android:directBootAware="true"
105-->[com.google.firebase:firebase-common:19.5.0] AndroidManifest.xml:29:13-43
106            android:exported="false"
106-->[com.google.firebase:firebase-common:19.5.0] AndroidManifest.xml:30:13-37
107            android:initOrder="100" />
107-->[com.google.firebase:firebase-common:19.5.0] AndroidManifest.xml:31:13-36
108
109        <receiver
109-->[com.google.android.gms:play-services-measurement:18.0.2] AndroidManifest.xml:29:9-33:20
110            android:name="com.google.android.gms.measurement.AppMeasurementReceiver"
110-->[com.google.android.gms:play-services-measurement:18.0.2] AndroidManifest.xml:30:13-85
111            android:enabled="true"
111-->[com.google.android.gms:play-services-measurement:18.0.2] AndroidManifest.xml:31:13-35
112            android:exported="false" >
112-->[com.google.android.gms:play-services-measurement:18.0.2] AndroidManifest.xml:32:13-37
113        </receiver>
114
115        <service
115-->[com.google.android.gms:play-services-measurement:18.0.2] AndroidManifest.xml:35:9-38:40
116            android:name="com.google.android.gms.measurement.AppMeasurementService"
116-->[com.google.android.gms:play-services-measurement:18.0.2] AndroidManifest.xml:36:13-84
117            android:enabled="true"
117-->[com.google.android.gms:play-services-measurement:18.0.2] AndroidManifest.xml:37:13-35
118            android:exported="false" />
118-->[com.google.android.gms:play-services-measurement:18.0.2] AndroidManifest.xml:38:13-37
119        <service
119-->[com.google.android.gms:play-services-measurement:18.0.2] AndroidManifest.xml:39:9-43:72
120            android:name="com.google.android.gms.measurement.AppMeasurementJobService"
120-->[com.google.android.gms:play-services-measurement:18.0.2] AndroidManifest.xml:40:13-87
121            android:enabled="true"
121-->[com.google.android.gms:play-services-measurement:18.0.2] AndroidManifest.xml:41:13-35
122            android:exported="false"
122-->[com.google.android.gms:play-services-measurement:18.0.2] AndroidManifest.xml:42:13-37
123            android:permission="android.permission.BIND_JOB_SERVICE" />
123-->[com.google.android.gms:play-services-measurement:18.0.2] AndroidManifest.xml:43:13-69
124
125        <meta-data
125-->[com.google.android.gms:play-services-basement:17.0.0] AndroidManifest.xml:23:9-25:69
126            android:name="com.google.android.gms.version"
126-->[com.google.android.gms:play-services-basement:17.0.0] AndroidManifest.xml:24:13-58
127            android:value="@integer/google_play_services_version" />
127-->[com.google.android.gms:play-services-basement:17.0.0] AndroidManifest.xml:25:13-66
128
129        <service
129-->[com.google.android.datatransport:transport-backend-cct:2.3.3] AndroidManifest.xml:29:9-35:19
130            android:name="com.google.android.datatransport.runtime.backends.TransportBackendDiscovery"
130-->[com.google.android.datatransport:transport-backend-cct:2.3.3] AndroidManifest.xml:30:13-103
131            android:exported="false" >
131-->[com.google.android.datatransport:transport-backend-cct:2.3.3] AndroidManifest.xml:31:13-37
132            <meta-data
132-->[com.google.android.datatransport:transport-backend-cct:2.3.3] AndroidManifest.xml:32:13-34:39
133                android:name="backend:com.google.android.datatransport.cct.CctBackendFactory"
133-->[com.google.android.datatransport:transport-backend-cct:2.3.3] AndroidManifest.xml:33:17-94
134                android:value="cct" />
134-->[com.google.android.datatransport:transport-backend-cct:2.3.3] AndroidManifest.xml:34:17-36
135        </service>
136        <service
136-->[com.google.android.datatransport:transport-runtime:2.2.5] AndroidManifest.xml:26:9-30:19
137            android:name="com.google.android.datatransport.runtime.scheduling.jobscheduling.JobInfoSchedulerService"
137-->[com.google.android.datatransport:transport-runtime:2.2.5] AndroidManifest.xml:27:13-117
138            android:exported="false"
138-->[com.google.android.datatransport:transport-runtime:2.2.5] AndroidManifest.xml:28:13-37
139            android:permission="android.permission.BIND_JOB_SERVICE" >
139-->[com.google.android.datatransport:transport-runtime:2.2.5] AndroidManifest.xml:29:13-69
140        </service>
141
142        <receiver
142-->[com.google.android.datatransport:transport-runtime:2.2.5] AndroidManifest.xml:32:9-34:40
143            android:name="com.google.android.datatransport.runtime.scheduling.jobscheduling.AlarmManagerSchedulerBroadcastReceiver"
143-->[com.google.android.datatransport:transport-runtime:2.2.5] AndroidManifest.xml:33:13-132
144            android:exported="false" />
144-->[com.google.android.datatransport:transport-runtime:2.2.5] AndroidManifest.xml:34:13-37
145    </application>
146
147</manifest>